info it worked if it ends with ok
verbose cli [ 'node', '/usr/local/bin/npm', 'publish' ]
info using npm@1.1.0-3
info using node@v0.6.10
verbose config file /Users/stdbrouw/.npmrc
verbose config file /usr/local/etc/npmrc
verbose config file /usr/local/lib/node_modules/npm/npmrc
verbose publish [ '.' ]
verbose caching /Users/stdbrouw/Projects/Apps/tilt.js/package.json
verbose loadDefaults tilt@0.1.0
info prepublish tilt@0.1.0
verbose cache add [ '.', null ]
silly cache add: name, spec, args [ undefined, '.', [ '.', null ] ]
verbose parsed url { pathname: '.', path: '.', href: '.' }
verbose caching package.json
verbose loadDefaults tilt@0.1.0
verbose pack /Users/stdbrouw/Projects/Apps/tilt.js
verbose pack /Users/stdbrouw/Projects/Apps/tilt.js /var/folders/ts/lxdf2nj51_qg_qq3j131mfs80000gn/T/npm-1332455458279/1332455458279-0.46892361948266625/tmp.tgz
silly makeList /Users/stdbrouw/Projects/Apps/tilt.js
silly dir, dirLen [ '/Users/stdbrouw/Projects/Apps/tilt.js', 38 ]
verbose tarball /var/folders/ts/lxdf2nj51_qg_qq3j131mfs80000gn/T/npm-1332455458279/1332455458279-0.46892361948266625/tmp.tgz
verbose parent /Users/stdbrouw/Projects/Apps/tilt.js
verbose mkdir (expected) error ENOENT, no such file or directory '/var/folders/ts/lxdf2nj51_qg_qq3j131mfs80000gn/T/npm-1332455458279/1332455458279-0.46892361948266625/___package.npm'
verbose mkdir done: /var/folders/ts/lxdf2nj51_qg_qq3j131mfs80000gn/T/npm-1332455458279/1332455458279-0.46892361948266625/___package.npm 755
verbose unpack_ uid, gid [ undefined, undefined ]
verbose unpackTarget /var/folders/ts/lxdf2nj51_qg_qq3j131mfs80000gn/T/npm-1332455458279/1332455458279-0.46892361948266625/package
silly gunzTarPerm modes [ '755', '644' ]
silly afterUntar undefined
silly asyncMap in gTP /var/folders/ts/lxdf2nj51_qg_qq3j131mfs80000gn/T/npm-1332455458279/1332455458279-0.46892361948266625/___package.npm/tilt.js
silly asyncMap in gTP /var/folders/ts/lxdf2nj51_qg_qq3j131mfs80000gn/T/npm-1332455458279/1332455458279-0.46892361948266625/___package.npm/tilt.js/.npmignore
silly asyncMap in gTP /var/folders/ts/lxdf2nj51_qg_qq3j131mfs80000gn/T/npm-1332455458279/1332455458279-0.46892361948266625/___package.npm/tilt.js/.travis.yml
silly asyncMap in gTP /var/folders/ts/lxdf2nj51_qg_qq3j131mfs80000gn/T/npm-1332455458279/1332455458279-0.46892361948266625/___package.npm/tilt.js/CHANGELOG.md
silly asyncMap in gTP /var/folders/ts/lxdf2nj51_qg_qq3j131mfs80000gn/T/npm-1332455458279/1332455458279-0.46892361948266625/___package.npm/tilt.js/LICENSE
silly asyncMap in gTP /var/folders/ts/lxdf2nj51_qg_qq3j131mfs80000gn/T/npm-1332455458279/1332455458279-0.46892361948266625/___package.npm/tilt.js/Makefile
silly asyncMap in gTP /var/folders/ts/lxdf2nj51_qg_qq3j131mfs80000gn/T/npm-1332455458279/1332455458279-0.46892361948266625/___package.npm/tilt.js/package.json
silly asyncMap in gTP /var/folders/ts/lxdf2nj51_qg_qq3j131mfs80000gn/T/npm-1332455458279/1332455458279-0.46892361948266625/___package.npm/tilt.js/README.md
silly asyncMap in gTP /var/folders/ts/lxdf2nj51_qg_qq3j131mfs80000gn/T/npm-1332455458279/1332455458279-0.46892361948266625/___package.npm/tilt.js/TODO
silly asyncMap in gTP /var/folders/ts/lxdf2nj51_qg_qq3j131mfs80000gn/T/npm-1332455458279/1332455458279-0.46892361948266625/___package.npm/tilt.js/src
silly asyncMap in gTP /var/folders/ts/lxdf2nj51_qg_qq3j131mfs80000gn/T/npm-1332455458279/1332455458279-0.46892361948266625/___package.npm/tilt.js/src/context.coffee
silly asyncMap in gTP /var/folders/ts/lxdf2nj51_qg_qq3j131mfs80000gn/T/npm-1332455458279/1332455458279-0.46892361948266625/___package.npm/tilt.js/src/handlers.coffee
silly asyncMap in gTP /var/folders/ts/lxdf2nj51_qg_qq3j131mfs80000gn/T/npm-1332455458279/1332455458279-0.46892361948266625/___package.npm/tilt.js/src/index.coffee
silly asyncMap in gTP /var/folders/ts/lxdf2nj51_qg_qq3j131mfs80000gn/T/npm-1332455458279/1332455458279-0.46892361948266625/___package.npm/tilt.js/src/parsers.coffee
silly asyncMap in gTP /var/folders/ts/lxdf2nj51_qg_qq3j131mfs80000gn/T/npm-1332455458279/1332455458279-0.46892361948266625/___package.npm/tilt.js/src/parsers
silly asyncMap in gTP /var/folders/ts/lxdf2nj51_qg_qq3j131mfs80000gn/T/npm-1332455458279/1332455458279-0.46892361948266625/___package.npm/tilt.js/src/parsers/csv.coffee
silly asyncMap in gTP /var/folders/ts/lxdf2nj51_qg_qq3j131mfs80000gn/T/npm-1332455458279/1332455458279-0.46892361948266625/___package.npm/tilt.js/src/parsers/json.coffee
silly asyncMap in gTP /var/folders/ts/lxdf2nj51_qg_qq3j131mfs80000gn/T/npm-1332455458279/1332455458279-0.46892361948266625/___package.npm/tilt.js/src/parsers/yaml.coffee
silly asyncMap in gTP /var/folders/ts/lxdf2nj51_qg_qq3j131mfs80000gn/T/npm-1332455458279/1332455458279-0.46892361948266625/___package.npm/tilt.js/src/handlers
silly asyncMap in gTP /var/folders/ts/lxdf2nj51_qg_qq3j131mfs80000gn/T/npm-1332455458279/1332455458279-0.46892361948266625/___package.npm/tilt.js/src/handlers/coffeescript.coffee
silly asyncMap in gTP /var/folders/ts/lxdf2nj51_qg_qq3j131mfs80000gn/T/npm-1332455458279/1332455458279-0.46892361948266625/___package.npm/tilt.js/src/handlers/haml.coffee
silly asyncMap in gTP /var/folders/ts/lxdf2nj51_qg_qq3j131mfs80000gn/T/npm-1332455458279/1332455458279-0.46892361948266625/___package.npm/tilt.js/src/handlers/jade.coffee
silly asyncMap in gTP /var/folders/ts/lxdf2nj51_qg_qq3j131mfs80000gn/T/npm-1332455458279/1332455458279-0.46892361948266625/___package.npm/tilt.js/src/handlers/less.coffee
silly asyncMap in gTP /var/folders/ts/lxdf2nj51_qg_qq3j131mfs80000gn/T/npm-1332455458279/1332455458279-0.46892361948266625/___package.npm/tilt.js/src/handlers/php.coffee
silly asyncMap in gTP /var/folders/ts/lxdf2nj51_qg_qq3j131mfs80000gn/T/npm-1332455458279/1332455458279-0.46892361948266625/___package.npm/tilt.js/src/handlers/plate.coffee
silly asyncMap in gTP /var/folders/ts/lxdf2nj51_qg_qq3j131mfs80000gn/T/npm-1332455458279/1332455458279-0.46892361948266625/___package.npm/tilt.js/src/handlers/stylus.coffee
silly asyncMap in gTP /var/folders/ts/lxdf2nj51_qg_qq3j131mfs80000gn/T/npm-1332455458279/1332455458279-0.46892361948266625/___package.npm/tilt.js/test
silly asyncMap in gTP /var/folders/ts/lxdf2nj51_qg_qq3j131mfs80000gn/T/npm-1332455458279/1332455458279-0.46892361948266625/___package.npm/tilt.js/test/context.coffee
silly asyncMap in gTP /var/folders/ts/lxdf2nj51_qg_qq3j131mfs80000gn/T/npm-1332455458279/1332455458279-0.46892361948266625/___package.npm/tilt.js/test/detection.coffee
silly asyncMap in gTP /var/folders/ts/lxdf2nj51_qg_qq3j131mfs80000gn/T/npm-1332455458279/1332455458279-0.46892361948266625/___package.npm/tilt.js/test/fixtures
silly asyncMap in gTP /var/folders/ts/lxdf2nj51_qg_qq3j131mfs80000gn/T/npm-1332455458279/1332455458279-0.46892361948266625/___package.npm/tilt.js/test/fixtures/data
silly asyncMap in gTP /var/folders/ts/lxdf2nj51_qg_qq3j131mfs80000gn/T/npm-1332455458279/1332455458279-0.46892361948266625/___package.npm/tilt.js/test/fixtures/data/index.json
verbose gunzed /var/folders/ts/lxdf2nj51_qg_qq3j131mfs80000gn/T/npm-1332455458279/1332455458279-0.46892361948266625/___package.npm/tilt.js
verbose rm'ed /var/folders/ts/lxdf2nj51_qg_qq3j131mfs80000gn/T/npm-1332455458279/1332455458279-0.46892361948266625/package
verbose renamed [ '/var/folders/ts/lxdf2nj51_qg_qq3j131mfs80000gn/T/npm-1332455458279/1332455458279-0.46892361948266625/___package.npm/tilt.js',
verbose renamed   '/var/folders/ts/lxdf2nj51_qg_qq3j131mfs80000gn/T/npm-1332455458279/1332455458279-0.46892361948266625/package' ]
verbose caching /var/folders/ts/lxdf2nj51_qg_qq3j131mfs80000gn/T/npm-1332455458279/1332455458279-0.46892361948266625/package/package.json
verbose loadDefaults tilt@0.1.0
verbose tarball contents [ 'package', 'tmp.tgz' ]
verbose from cache /var/folders/ts/lxdf2nj51_qg_qq3j131mfs80000gn/T/npm-1332455458279/1332455458279-0.46892361948266625/package/package.json
verbose pack /var/folders/ts/lxdf2nj51_qg_qq3j131mfs80000gn/T/npm-1332455458279/1332455458279-0.46892361948266625/package
verbose pack /var/folders/ts/lxdf2nj51_qg_qq3j131mfs80000gn/T/npm-1332455458279/1332455458279-0.46892361948266625/package /Users/stdbrouw/.npm/tilt/0.1.0/package.tgz
silly makeList /var/folders/ts/lxdf2nj51_qg_qq3j131mfs80000gn/T/npm-1332455458279/1332455458279-0.46892361948266625/package
silly dir, dirLen [ '/var/folders/ts/lxdf2nj51_qg_qq3j131mfs80000gn/T/npm-1332455458279/1332455458279-0.46892361948266625/package',
silly dir, dirLen   109 ]
verbose tarball /Users/stdbrouw/.npm/tilt/0.1.0/package.tgz
verbose parent /var/folders/ts/lxdf2nj51_qg_qq3j131mfs80000gn/T/npm-1332455458279/1332455458279-0.46892361948266625/package
verbose mkdir (expected) error ENOENT, no such file or directory '/Users/stdbrouw/.npm/tilt/0.1.0/___package.npm'
verbose mkdir done: /Users/stdbrouw/.npm/tilt/0.1.0/___package.npm 755
verbose unpack_ uid, gid [ undefined, undefined ]
verbose unpackTarget /Users/stdbrouw/.npm/tilt/0.1.0/package
silly gunzTarPerm modes [ '755', '644' ]
silly afterUntar undefined
silly asyncMap in gTP /Users/stdbrouw/.npm/tilt/0.1.0/___package.npm/package
silly asyncMap in gTP /Users/stdbrouw/.npm/tilt/0.1.0/___package.npm/package/.npmignore
silly asyncMap in gTP /Users/stdbrouw/.npm/tilt/0.1.0/___package.npm/package/.travis.yml
silly asyncMap in gTP /Users/stdbrouw/.npm/tilt/0.1.0/___package.npm/package/CHANGELOG.md
silly asyncMap in gTP /Users/stdbrouw/.npm/tilt/0.1.0/___package.npm/package/LICENSE
silly asyncMap in gTP /Users/stdbrouw/.npm/tilt/0.1.0/___package.npm/package/Makefile
silly asyncMap in gTP /Users/stdbrouw/.npm/tilt/0.1.0/___package.npm/package/package.json
silly asyncMap in gTP /Users/stdbrouw/.npm/tilt/0.1.0/___package.npm/package/README.md
silly asyncMap in gTP /Users/stdbrouw/.npm/tilt/0.1.0/___package.npm/package/TODO
silly asyncMap in gTP /Users/stdbrouw/.npm/tilt/0.1.0/___package.npm/package/src
silly asyncMap in gTP /Users/stdbrouw/.npm/tilt/0.1.0/___package.npm/package/src/context.coffee
silly asyncMap in gTP /Users/stdbrouw/.npm/tilt/0.1.0/___package.npm/package/src/handlers.coffee
silly asyncMap in gTP /Users/stdbrouw/.npm/tilt/0.1.0/___package.npm/package/src/index.coffee
silly asyncMap in gTP /Users/stdbrouw/.npm/tilt/0.1.0/___package.npm/package/src/parsers.coffee
silly asyncMap in gTP /Users/stdbrouw/.npm/tilt/0.1.0/___package.npm/package/src/handlers
silly asyncMap in gTP /Users/stdbrouw/.npm/tilt/0.1.0/___package.npm/package/src/handlers/coffeescript.coffee
silly asyncMap in gTP /Users/stdbrouw/.npm/tilt/0.1.0/___package.npm/package/src/handlers/haml.coffee
silly asyncMap in gTP /Users/stdbrouw/.npm/tilt/0.1.0/___package.npm/package/src/handlers/jade.coffee
silly asyncMap in gTP /Users/stdbrouw/.npm/tilt/0.1.0/___package.npm/package/src/handlers/less.coffee
silly asyncMap in gTP /Users/stdbrouw/.npm/tilt/0.1.0/___package.npm/package/src/handlers/php.coffee
silly asyncMap in gTP /Users/stdbrouw/.npm/tilt/0.1.0/___package.npm/package/src/handlers/plate.coffee
silly asyncMap in gTP /Users/stdbrouw/.npm/tilt/0.1.0/___package.npm/package/src/handlers/stylus.coffee
silly asyncMap in gTP /Users/stdbrouw/.npm/tilt/0.1.0/___package.npm/package/src/parsers
silly asyncMap in gTP /Users/stdbrouw/.npm/tilt/0.1.0/___package.npm/package/src/parsers/csv.coffee
silly asyncMap in gTP /Users/stdbrouw/.npm/tilt/0.1.0/___package.npm/package/src/parsers/json.coffee
silly asyncMap in gTP /Users/stdbrouw/.npm/tilt/0.1.0/___package.npm/package/src/parsers/yaml.coffee
silly asyncMap in gTP /Users/stdbrouw/.npm/tilt/0.1.0/___package.npm/package/test
silly asyncMap in gTP /Users/stdbrouw/.npm/tilt/0.1.0/___package.npm/package/test/context.coffee
silly asyncMap in gTP /Users/stdbrouw/.npm/tilt/0.1.0/___package.npm/package/test/detection.coffee
silly asyncMap in gTP /Users/stdbrouw/.npm/tilt/0.1.0/___package.npm/package/test/fixtures
silly asyncMap in gTP /Users/stdbrouw/.npm/tilt/0.1.0/___package.npm/package/test/fixtures/data
silly asyncMap in gTP /Users/stdbrouw/.npm/tilt/0.1.0/___package.npm/package/test/fixtures/data/index.json
verbose gunzed /Users/stdbrouw/.npm/tilt/0.1.0/___package.npm/package
verbose rm'ed /Users/stdbrouw/.npm/tilt/0.1.0/package
verbose renamed [ '/Users/stdbrouw/.npm/tilt/0.1.0/___package.npm/package',
verbose renamed   '/Users/stdbrouw/.npm/tilt/0.1.0/package' ]
verbose caching /Users/stdbrouw/.npm/tilt/0.1.0/package/package.json
verbose loadDefaults tilt@0.1.0
silly updated sha bytes 9659
info shasum 63a238a7bfda24c0d8d632751023a0d217d8ac70
info shasum /Users/stdbrouw/.npm/tilt/0.1.0/package.tgz
verbose from cache /Users/stdbrouw/.npm/tilt/0.1.0/package/package.json
verbose chmod /Users/stdbrouw/.npm/tilt/0.1.0/package.tgz 644
verbose chown [ '/Users/stdbrouw/.npm/tilt/0.1.0/package.tgz', 501, 20 ]
silly publish { name: 'tilt',
silly publish   author: { name: 'Stijn Debrouwere' },
silly publish   description: 'A generic interface to various JavaScript and CSS preprocessors. Autodetects formats based on filename and mimetype.',
silly publish   version: '0.1.0',
silly publish   main: './lib/index.js',
silly publish   dependencies: 
silly publish    { 'coffee-script': '1.x',
silly publish      async: '0.1.x',
silly publish      jade: '0.17.x',
silly publish      stylus: '0.18.x',
silly publish      yaml: '0.2.x',
silly publish      haml: '0.4.x',
silly publish      less: '1.x',
silly publish      underscore: '1.x',
silly publish      plate: '0.x' },
silly publish   devDependencies: { mocha: '0.14.x' },
silly publish   repository: { type: 'git', url: 'git://github.com/stdbrouw/tilt.js.git' },
silly publish   licenses: 
silly publish    [ { type: 'MIT',
silly publish        url: 'http://github.com/stdbrouw/preprocessor/raw/master/LICENSE' } ],
silly publish   test: 'mocha --reporter list',
silly publish   scripts: { install: 'make' },
silly publish   _npmUser: { name: 'stdbrouw', email: 'stijn@stdout.be' },
silly publish   _id: 'tilt@0.1.0',
silly publish   optionalDependencies: {},
silly publish   engines: { node: '*' },
silly publish   _engineSupported: true,
silly publish   _npmVersion: '1.1.0-3',
silly publish   _nodeVersion: 'v0.6.10',
silly publish   _defaultsLoaded: true,
silly publish   dist: 
silly publish    { shasum: '63a238a7bfda24c0d8d632751023a0d217d8ac70',
silly publish      tarball: 'http://registry.npmjs.org/tilt/-/tilt-0.1.0.tgz' } }
verbose raw, before any munging tilt
verbose url resolving [ 'https://registry.npmjs.org/', './tilt' ]
verbose url resolved https://registry.npmjs.org/tilt
http PUT https://registry.npmjs.org/tilt
http 409 https://registry.npmjs.org/tilt
verbose raw, before any munging tilt
verbose url resolving [ 'https://registry.npmjs.org/', './tilt' ]
verbose url resolved https://registry.npmjs.org/tilt
http GET https://registry.npmjs.org/tilt
http 200 https://registry.npmjs.org/tilt
info Already published tilt@0.1.0
verbose uploading bin dists []
ERR! publish fail Cannot publish over existing version.
ERR! publish fail Bump the 'version' field, set the --force flag, or
ERR! publish fail     npm unpublish 'tilt@0.1.0'
ERR! publish fail and try again
ERR! 
ERR! System Darwin 11.3.0
ERR! command "node" "/usr/local/bin/npm" "publish"
ERR! cwd /Users/stdbrouw/Projects/Apps/tilt.js
ERR! node -v v0.6.10
ERR! npm -v 1.1.0-3
ERR! code EPUBLISHCONFLICT
ERR! message publish fail
ERR! errno {}
verbose exit [ 1, true ]
